<?xml version="1.0" encoding="UTF-8"?>
<testsuite name="com.crud.tasks.trello.facade.TrelloMapperTestSuite" tests="6" skipped="0" failures="0" errors="0" timestamp="2018-04-20T19:11:48" hostname="TOMEK-KOMPUTER" time="0.064">
  <properties/>
  <testcase name="trelloMapToTrelloCardDtoTest" classname="com.crud.tasks.trello.facade.TrelloMapperTestSuite" time="0.009"/>
  <testcase name="trelloMaptoBoardDtoTest" classname="com.crud.tasks.trello.facade.TrelloMapperTestSuite" time="0.011"/>
  <testcase name="trelloMapToTrelloCardTest" classname="com.crud.tasks.trello.facade.TrelloMapperTestSuite" time="0.007"/>
  <testcase name="trelloMapToTrelloListTest" classname="com.crud.tasks.trello.facade.TrelloMapperTestSuite" time="0.008"/>
  <testcase name="trelloMaptoBoardTest" classname="com.crud.tasks.trello.facade.TrelloMapperTestSuite" time="0.009"/>
  <testcase name="trelloMapToTrelloListDtoTest" classname="com.crud.tasks.trello.facade.TrelloMapperTestSuite" time="0.01"/>
  <system-out><![CDATA[2018-04-20 21:11:48.716  INFO 4992 --- [    Test worker] .b.t.c.SpringBootTestContextBootstrapper : Neither @ContextConfiguration nor @ContextHierarchy found for test class [com.crud.tasks.trello.facade.TrelloMapperTestSuite], using SpringBootContextLoader
2018-04-20 21:11:48.718  INFO 4992 --- [    Test worker] o.s.t.c.support.AbstractContextLoader    : Could not detect default resource locations for test class [com.crud.tasks.trello.facade.TrelloMapperTestSuite]: no resource found for suffixes {-context.xml, Context.groovy}.
2018-04-20 21:11:48.719  INFO 4992 --- [    Test worker] t.c.s.AnnotationConfigContextLoaderUtils : Could not detect default configuration classes for test class [com.crud.tasks.trello.facade.TrelloMapperTestSuite]: TrelloMapperTestSuite does not declare any static, non-private, non-final, nested classes annotated with @Configuration.
2018-04-20 21:11:48.836  INFO 4992 --- [    Test worker] .b.t.c.SpringBootTestContextBootstrapper : Found @SpringBootConfiguration com.crud.tasks.TasksApplication for test class com.crud.tasks.trello.facade.TrelloMapperTestSuite
2018-04-20 21:11:48.853  INFO 4992 --- [    Test worker] .b.t.c.SpringBootTestContextBootstrapper : Loaded default TestExecutionListener class names from location [META-INF/spring.factories]: [org.springframework.boot.test.mock.mockito.MockitoTestExecutionListener, org.springframework.boot.test.mock.mockito.ResetMocksTestExecutionListener, org.springframework.boot.test.autoconfigure.restdocs.RestDocsTestExecutionListener, org.springframework.boot.test.autoconfigure.web.client.MockRestServiceServerResetTestExecutionListener, org.springframework.boot.test.autoconfigure.web.servlet.MockMvcPrintOnlyOnFailureTestExecutionListener, org.springframework.boot.test.autoconfigure.web.servlet.WebDriverTestExecutionListener, org.springframework.test.context.web.ServletTestExecutionListener, org.springframework.test.context.support.DirtiesContextBeforeModesTestExecutionListener, org.springframework.test.context.support.DependencyInjectionTestExecutionListener, org.springframework.test.context.support.DirtiesContextTestExecutionListener, org.springframework.test.context.transaction.TransactionalTestExecutionListener, org.springframework.test.context.jdbc.SqlScriptsTestExecutionListener]
2018-04-20 21:11:48.858  INFO 4992 --- [    Test worker] .b.t.c.SpringBootTestContextBootstrapper : Using TestExecutionListeners: [org.springframework.test.context.web.ServletTestExecutionListener@55c51faf, org.springframework.test.context.support.DirtiesContextBeforeModesTestExecutionListener@456d73cd, org.springframework.boot.test.autoconfigure.SpringBootDependencyInjectionTestExecutionListener@26c3de66, org.springframework.test.context.support.DirtiesContextTestExecutionListener@37926c95, org.springframework.test.context.transaction.TransactionalTestExecutionListener@4ad735af, org.springframework.test.context.jdbc.SqlScriptsTestExecutionListener@640ad423, org.springframework.boot.test.mock.mockito.MockitoTestExecutionListener@5c02062a, org.springframework.boot.test.mock.mockito.ResetMocksTestExecutionListener@78503ffb, org.springframework.boot.test.autoconfigure.restdocs.RestDocsTestExecutionListener@bd91713, org.springframework.boot.test.autoconfigure.web.client.MockRestServiceServerResetTestExecutionListener@39407187, org.springframework.boot.test.autoconfigure.web.servlet.MockMvcPrintOnlyOnFailureTestExecutionListener@753f13d3, org.springframework.boot.test.autoconfigure.web.servlet.WebDriverTestExecutionListener@ce95568]
]]></system-out>
  <system-err><![CDATA[]]></system-err>
</testsuite>
