<?xml version="1.0" encoding="UTF-8"?>
<testsuite name="com.crud.tasks.controller.TrelloControllerTest" tests="4" skipped="0" failures="0" errors="0" timestamp="2018-04-21T21:08:05" hostname="TOMEK-KOMPUTER" time="0.062">
  <properties/>
  <testcase name="shouldFetchTrelloBoards" classname="com.crud.tasks.controller.TrelloControllerTest" time="0.015"/>
  <testcase name="createTrelloCard" classname="com.crud.tasks.controller.TrelloControllerTest" time="0.0"/>
  <testcase name="shouldFetchEmptyTrelloBoards" classname="com.crud.tasks.controller.TrelloControllerTest" time="0.015"/>
  <testcase name="shouldCreateTrelloCard" classname="com.crud.tasks.controller.TrelloControllerTest" time="0.016"/>
  <system-out><![CDATA[2018-04-21 23:08:03.441  INFO 2184 --- [    Test worker] .b.t.a.w.s.WebMvcTestContextBootstrapper : Neither @ContextConfiguration nor @ContextHierarchy found for test class [com.crud.tasks.controller.TrelloControllerTest], using SpringBootContextLoader
2018-04-21 23:08:03.441  INFO 2184 --- [    Test worker] o.s.t.c.support.AbstractContextLoader    : Could not detect default resource locations for test class [com.crud.tasks.controller.TrelloControllerTest]: no resource found for suffixes {-context.xml, Context.groovy}.
2018-04-21 23:08:03.441  INFO 2184 --- [    Test worker] t.c.s.AnnotationConfigContextLoaderUtils : Could not detect default configuration classes for test class [com.crud.tasks.controller.TrelloControllerTest]: TrelloControllerTest does not declare any static, non-private, non-final, nested classes annotated with @Configuration.
2018-04-21 23:08:03.488  INFO 2184 --- [    Test worker] .b.t.c.SpringBootTestContextBootstrapper : Found @SpringBootConfiguration com.crud.tasks.TasksApplication for test class com.crud.tasks.controller.TrelloControllerTest
2018-04-21 23:08:03.503  INFO 2184 --- [    Test worker] .b.t.a.w.s.WebMvcTestContextBootstrapper : Loaded default TestExecutionListener class names from location [META-INF/spring.factories]: [org.springframework.boot.test.mock.mockito.MockitoTestExecutionListener, org.springframework.boot.test.mock.mockito.ResetMocksTestExecutionListener, org.springframework.boot.test.autoconfigure.restdocs.RestDocsTestExecutionListener, org.springframework.boot.test.autoconfigure.web.client.MockRestServiceServerResetTestExecutionListener, org.springframework.boot.test.autoconfigure.web.servlet.MockMvcPrintOnlyOnFailureTestExecutionListener, org.springframework.boot.test.autoconfigure.web.servlet.WebDriverTestExecutionListener, org.springframework.test.context.web.ServletTestExecutionListener, org.springframework.test.context.support.DirtiesContextBeforeModesTestExecutionListener, org.springframework.test.context.support.DependencyInjectionTestExecutionListener, org.springframework.test.context.support.DirtiesContextTestExecutionListener, org.springframework.test.context.transaction.TransactionalTestExecutionListener, org.springframework.test.context.jdbc.SqlScriptsTestExecutionListener]
2018-04-21 23:08:03.519  INFO 2184 --- [    Test worker] .b.t.a.w.s.WebMvcTestContextBootstrapper : Using TestExecutionListeners: [org.springframework.test.context.web.ServletTestExecutionListener@19dea6b0, org.springframework.test.context.support.DirtiesContextBeforeModesTestExecutionListener@432fac32, org.springframework.boot.test.autoconfigure.SpringBootDependencyInjectionTestExecutionListener@3f38ad55, org.springframework.test.context.support.DirtiesContextTestExecutionListener@456fd48e, org.springframework.test.context.transaction.TransactionalTestExecutionListener@296801b5, org.springframework.test.context.jdbc.SqlScriptsTestExecutionListener@17187696, org.springframework.boot.test.mock.mockito.MockitoTestExecutionListener@6d302325, org.springframework.boot.test.mock.mockito.ResetMocksTestExecutionListener@564041a9, org.springframework.boot.test.autoconfigure.restdocs.RestDocsTestExecutionListener@3f4c977d, org.springframework.boot.test.autoconfigure.web.client.MockRestServiceServerResetTestExecutionListener@6b34eac4, org.springframework.boot.test.autoconfigure.web.servlet.MockMvcPrintOnlyOnFailureTestExecutionListener@7f1c58c, org.springframework.boot.test.autoconfigure.web.servlet.WebDriverTestExecutionListener@536891d2]

  .   ____          _            __ _ _
 /\\ / ___'_ __ _ _(_)_ __  __ _ \ \ \ \
( ( )\___ | '_ | '_| | '_ \/ _` | \ \ \ \
 \\/  ___)| |_)| | | | | || (_| |  ) ) ) )
  '  |____| .__|_| |_|_| |_\__, | / / / /
 =========|_|==============|___/=/_/_/_/
 :: Spring Boot ::       (v1.5.10.RELEASE)

2018-04-21 23:08:03.628  INFO 2184 --- [    Test worker] c.c.t.controller.TrelloControllerTest    : Starting TrelloControllerTest on TOMEK-KOMPUTER with PID 2184 (started by TOMEK in C:\Users\TOMEK\Documents\JAVA\Kodilla\tasksProject)
2018-04-21 23:08:03.628  INFO 2184 --- [    Test worker] c.c.t.controller.TrelloControllerTest    : No active profile set, falling back to default profiles: default
2018-04-21 23:08:03.628  INFO 2184 --- [    Test worker] o.s.w.c.s.GenericWebApplicationContext   : Refreshing org.springframework.web.context.support.GenericWebApplicationContext@6e8d97c2: startup date [Sat Apr 21 23:08:03 CEST 2018]; root of context hierarchy
2018-04-21 23:08:04.471  INFO 2184 --- [    Test worker] s.w.s.m.m.a.RequestMappingHandlerAdapter : Looking for @ControllerAdvice: org.springframework.web.context.support.GenericWebApplicationContext@6e8d97c2: startup date [Sat Apr 21 23:08:03 CEST 2018]; root of context hierarchy
2018-04-21 23:08:04.502  INFO 2184 --- [    Test worker] s.w.s.m.m.a.RequestMappingHandlerMapping : Mapped "{[/v1/trello/createTrelloCard],methods=[POST]}" onto public com.crud.tasks.domain.CreatedTrelloCardDto com.crud.tasks.controller.TrelloController.createTrelloCard(com.crud.tasks.domain.TrelloCardDto)
2018-04-21 23:08:04.502  INFO 2184 --- [    Test worker] s.w.s.m.m.a.RequestMappingHandlerMapping : Mapped "{[/v1/trello/getTrelloBoards],methods=[GET]}" onto public java.util.List<com.crud.tasks.domain.TrelloBoardDto> com.crud.tasks.controller.TrelloController.getTrelloBoards()
2018-04-21 23:08:04.517  INFO 2184 --- [    Test worker] s.w.s.m.m.a.RequestMappingHandlerMapping : Mapped "{[/error]}" onto public org.springframework.http.ResponseEntity<java.util.Map<java.lang.String, java.lang.Object>> org.springframework.boot.autoconfigure.web.BasicErrorController.error(javax.servlet.http.HttpServletRequest)
2018-04-21 23:08:04.517  INFO 2184 --- [    Test worker] s.w.s.m.m.a.RequestMappingHandlerMapping : Mapped "{[/error],produces=[text/html]}" onto public org.springframework.web.servlet.ModelAndView org.springframework.boot.autoconfigure.web.BasicErrorController.errorHtml(javax.servlet.http.HttpServletRequest,javax.servlet.http.HttpServletResponse)
2018-04-21 23:08:04.580  INFO 2184 --- [    Test worker] o.s.w.s.handler.SimpleUrlHandlerMapping  : Mapped URL path [/webjars/**] onto handler of type [class org.springframework.web.servlet.resource.ResourceHttpRequestHandler]
2018-04-21 23:08:04.580  INFO 2184 --- [    Test worker] o.s.w.s.handler.SimpleUrlHandlerMapping  : Mapped URL path [/**] onto handler of type [class org.springframework.web.servlet.resource.ResourceHttpRequestHandler]
2018-04-21 23:08:04.658  INFO 2184 --- [    Test worker] o.s.w.s.handler.SimpleUrlHandlerMapping  : Mapped URL path [/**/favicon.ico] onto handler of type [class org.springframework.web.servlet.resource.ResourceHttpRequestHandler]
2018-04-21 23:08:04.923  INFO 2184 --- [    Test worker] o.s.b.t.m.w.SpringBootMockServletContext : Initializing Spring FrameworkServlet ''
2018-04-21 23:08:04.923  INFO 2184 --- [    Test worker] o.s.t.web.servlet.TestDispatcherServlet  : FrameworkServlet '': initialization started
2018-04-21 23:08:04.954  INFO 2184 --- [    Test worker] o.s.t.web.servlet.TestDispatcherServlet  : FrameworkServlet '': initialization completed in 31 ms
2018-04-21 23:08:05.095  INFO 2184 --- [    Test worker] c.c.t.controller.TrelloControllerTest    : Started TrelloControllerTest in 1.56 seconds (JVM running for 15.343)
]]></system-out>
  <system-err><![CDATA[]]></system-err>
</testsuite>
