<?xml version="1.0" encoding="UTF-8"?>
<testsuite name="com.crud.tasks.controller.TrelloControllerTest" tests="4" skipped="0" failures="0" errors="0" timestamp="2018-04-20T19:11:05" hostname="TOMEK-KOMPUTER" time="0.08">
  <properties/>
  <testcase name="shouldFetchTrelloBoards" classname="com.crud.tasks.controller.TrelloControllerTest" time="0.009"/>
  <testcase name="createTrelloCard" classname="com.crud.tasks.controller.TrelloControllerTest" time="0.009"/>
  <testcase name="shouldFetchEmptyTrelloBoards" classname="com.crud.tasks.controller.TrelloControllerTest" time="0.022"/>
  <testcase name="shouldCreateTrelloCard" classname="com.crud.tasks.controller.TrelloControllerTest" time="0.03"/>
  <system-out><![CDATA[2018-04-20 21:11:02.716  INFO 4992 --- [    Test worker] .b.t.a.w.s.WebMvcTestContextBootstrapper : Neither @ContextConfiguration nor @ContextHierarchy found for test class [com.crud.tasks.controller.TrelloControllerTest], using SpringBootContextLoader
2018-04-20 21:11:02.720  INFO 4992 --- [    Test worker] o.s.t.c.support.AbstractContextLoader    : Could not detect default resource locations for test class [com.crud.tasks.controller.TrelloControllerTest]: no resource found for suffixes {-context.xml, Context.groovy}.
2018-04-20 21:11:02.722  INFO 4992 --- [    Test worker] t.c.s.AnnotationConfigContextLoaderUtils : Could not detect default configuration classes for test class [com.crud.tasks.controller.TrelloControllerTest]: TrelloControllerTest does not declare any static, non-private, non-final, nested classes annotated with @Configuration.
2018-04-20 21:11:02.780  INFO 4992 --- [    Test worker] .b.t.c.SpringBootTestContextBootstrapper : Found @SpringBootConfiguration com.crud.tasks.TasksApplication for test class com.crud.tasks.controller.TrelloControllerTest
2018-04-20 21:11:02.789  INFO 4992 --- [    Test worker] .b.t.a.w.s.WebMvcTestContextBootstrapper : Loaded default TestExecutionListener class names from location [META-INF/spring.factories]: [org.springframework.boot.test.mock.mockito.MockitoTestExecutionListener, org.springframework.boot.test.mock.mockito.ResetMocksTestExecutionListener, org.springframework.boot.test.autoconfigure.restdocs.RestDocsTestExecutionListener, org.springframework.boot.test.autoconfigure.web.client.MockRestServiceServerResetTestExecutionListener, org.springframework.boot.test.autoconfigure.web.servlet.MockMvcPrintOnlyOnFailureTestExecutionListener, org.springframework.boot.test.autoconfigure.web.servlet.WebDriverTestExecutionListener, org.springframework.test.context.web.ServletTestExecutionListener, org.springframework.test.context.support.DirtiesContextBeforeModesTestExecutionListener, org.springframework.test.context.support.DependencyInjectionTestExecutionListener, org.springframework.test.context.support.DirtiesContextTestExecutionListener, org.springframework.test.context.transaction.TransactionalTestExecutionListener, org.springframework.test.context.jdbc.SqlScriptsTestExecutionListener]
2018-04-20 21:11:02.806  INFO 4992 --- [    Test worker] .b.t.a.w.s.WebMvcTestContextBootstrapper : Using TestExecutionListeners: [org.springframework.test.context.web.ServletTestExecutionListener@6a9bdeab, org.springframework.test.context.support.DirtiesContextBeforeModesTestExecutionListener@419eaa76, org.springframework.boot.test.autoconfigure.SpringBootDependencyInjectionTestExecutionListener@592dc8ea, org.springframework.test.context.support.DirtiesContextTestExecutionListener@35ed7dc2, org.springframework.test.context.transaction.TransactionalTestExecutionListener@1379352, org.springframework.test.context.jdbc.SqlScriptsTestExecutionListener@35ce5418, org.springframework.boot.test.mock.mockito.MockitoTestExecutionListener@293b0d3, org.springframework.boot.test.mock.mockito.ResetMocksTestExecutionListener@5ccece2e, org.springframework.boot.test.autoconfigure.restdocs.RestDocsTestExecutionListener@615e7be6, org.springframework.boot.test.autoconfigure.web.client.MockRestServiceServerResetTestExecutionListener@26f79d41, org.springframework.boot.test.autoconfigure.web.servlet.MockMvcPrintOnlyOnFailureTestExecutionListener@39fda464, org.springframework.boot.test.autoconfigure.web.servlet.WebDriverTestExecutionListener@13e8a2cb]

  .   ____          _            __ _ _
 /\\ / ___'_ __ _ _(_)_ __  __ _ \ \ \ \
( ( )\___ | '_ | '_| | '_ \/ _` | \ \ \ \
 \\/  ___)| |_)| | | | | || (_| |  ) ) ) )
  '  |____| .__|_| |_|_| |_\__, | / / / /
 =========|_|==============|___/=/_/_/_/
 :: Spring Boot ::       (v1.5.10.RELEASE)

2018-04-20 21:11:03.378  INFO 4992 --- [    Test worker] c.c.t.controller.TrelloControllerTest    : Starting TrelloControllerTest on TOMEK-KOMPUTER with PID 4992 (started by TOMEK in C:\Users\TOMEK\Documents\JAVA\Kodilla\tasksProject)
2018-04-20 21:11:03.378  INFO 4992 --- [    Test worker] c.c.t.controller.TrelloControllerTest    : No active profile set, falling back to default profiles: default
2018-04-20 21:11:03.381  INFO 4992 --- [    Test worker] o.s.w.c.s.GenericWebApplicationContext   : Refreshing org.springframework.web.context.support.GenericWebApplicationContext@45e22f82: startup date [Fri Apr 20 21:11:03 CEST 2018]; root of context hierarchy
2018-04-20 21:11:04.677  INFO 4992 --- [    Test worker] s.w.s.m.m.a.RequestMappingHandlerAdapter : Looking for @ControllerAdvice: org.springframework.web.context.support.GenericWebApplicationContext@45e22f82: startup date [Fri Apr 20 21:11:03 CEST 2018]; root of context hierarchy
2018-04-20 21:11:04.721  INFO 4992 --- [    Test worker] s.w.s.m.m.a.RequestMappingHandlerMapping : Mapped "{[/v1/trello/createTrelloCard],methods=[POST]}" onto public com.crud.tasks.domain.CreatedTrelloCardDto com.crud.tasks.controller.TrelloController.createTrelloCard(com.crud.tasks.domain.TrelloCardDto)
2018-04-20 21:11:04.723  INFO 4992 --- [    Test worker] s.w.s.m.m.a.RequestMappingHandlerMapping : Mapped "{[/v1/trello/getTrelloBoards],methods=[GET]}" onto public java.util.List<com.crud.tasks.domain.TrelloBoardDto> com.crud.tasks.controller.TrelloController.getTrelloBoards()
2018-04-20 21:11:04.725  INFO 4992 --- [    Test worker] s.w.s.m.m.a.RequestMappingHandlerMapping : Mapped "{[/error]}" onto public org.springframework.http.ResponseEntity<java.util.Map<java.lang.String, java.lang.Object>> org.springframework.boot.autoconfigure.web.BasicErrorController.error(javax.servlet.http.HttpServletRequest)
2018-04-20 21:11:04.725  INFO 4992 --- [    Test worker] s.w.s.m.m.a.RequestMappingHandlerMapping : Mapped "{[/error],produces=[text/html]}" onto public org.springframework.web.servlet.ModelAndView org.springframework.boot.autoconfigure.web.BasicErrorController.errorHtml(javax.servlet.http.HttpServletRequest,javax.servlet.http.HttpServletResponse)
2018-04-20 21:11:04.788  INFO 4992 --- [    Test worker] o.s.w.s.handler.SimpleUrlHandlerMapping  : Mapped URL path [/webjars/**] onto handler of type [class org.springframework.web.servlet.resource.ResourceHttpRequestHandler]
2018-04-20 21:11:04.794  INFO 4992 --- [    Test worker] o.s.w.s.handler.SimpleUrlHandlerMapping  : Mapped URL path [/**] onto handler of type [class org.springframework.web.servlet.resource.ResourceHttpRequestHandler]
2018-04-20 21:11:04.859  INFO 4992 --- [    Test worker] o.s.w.s.handler.SimpleUrlHandlerMapping  : Mapped URL path [/**/favicon.ico] onto handler of type [class org.springframework.web.servlet.resource.ResourceHttpRequestHandler]
2018-04-20 21:11:05.149  INFO 4992 --- [    Test worker] o.s.b.t.m.w.SpringBootMockServletContext : Initializing Spring FrameworkServlet ''
2018-04-20 21:11:05.151  INFO 4992 --- [    Test worker] o.s.t.web.servlet.TestDispatcherServlet  : FrameworkServlet '': initialization started
2018-04-20 21:11:05.180  INFO 4992 --- [    Test worker] o.s.t.web.servlet.TestDispatcherServlet  : FrameworkServlet '': initialization completed in 24 ms
2018-04-20 21:11:05.320  INFO 4992 --- [    Test worker] c.c.t.controller.TrelloControllerTest    : Started TrelloControllerTest in 2.495 seconds (JVM running for 18.271)
]]></system-out>
  <system-err><![CDATA[]]></system-err>
</testsuite>
