<?xml version="1.0" encoding="UTF-8"?>
<testsuite name="com.crud.tasks.trello.facade.TrelloMapperTestSuite" tests="6" skipped="0" failures="0" errors="0" timestamp="2018-04-21T21:08:25" hostname="TOMEK-KOMPUTER" time="0.047">
  <properties/>
  <testcase name="trelloMapToTrelloCardDtoTest" classname="com.crud.tasks.trello.facade.TrelloMapperTestSuite" time="0.016"/>
  <testcase name="trelloMaptoBoardDtoTest" classname="com.crud.tasks.trello.facade.TrelloMapperTestSuite" time="0.0"/>
  <testcase name="trelloMapToTrelloCardTest" classname="com.crud.tasks.trello.facade.TrelloMapperTestSuite" time="0.015"/>
  <testcase name="trelloMapToTrelloListTest" classname="com.crud.tasks.trello.facade.TrelloMapperTestSuite" time="0.0"/>
  <testcase name="trelloMaptoBoardTest" classname="com.crud.tasks.trello.facade.TrelloMapperTestSuite" time="0.016"/>
  <testcase name="trelloMapToTrelloListDtoTest" classname="com.crud.tasks.trello.facade.TrelloMapperTestSuite" time="0.0"/>
  <system-out><![CDATA[2018-04-21 23:08:25.297  INFO 2184 --- [    Test worker] .b.t.c.SpringBootTestContextBootstrapper : Neither @ContextConfiguration nor @ContextHierarchy found for test class [com.crud.tasks.trello.facade.TrelloMapperTestSuite], using SpringBootContextLoader
2018-04-21 23:08:25.297  INFO 2184 --- [    Test worker] o.s.t.c.support.AbstractContextLoader    : Could not detect default resource locations for test class [com.crud.tasks.trello.facade.TrelloMapperTestSuite]: no resource found for suffixes {-context.xml, Context.groovy}.
2018-04-21 23:08:25.297  INFO 2184 --- [    Test worker] t.c.s.AnnotationConfigContextLoaderUtils : Could not detect default configuration classes for test class [com.crud.tasks.trello.facade.TrelloMapperTestSuite]: TrelloMapperTestSuite does not declare any static, non-private, non-final, nested classes annotated with @Configuration.
2018-04-21 23:08:25.375  INFO 2184 --- [    Test worker] .b.t.c.SpringBootTestContextBootstrapper : Found @SpringBootConfiguration com.crud.tasks.TasksApplication for test class com.crud.tasks.trello.facade.TrelloMapperTestSuite
2018-04-21 23:08:25.390  INFO 2184 --- [    Test worker] .b.t.c.SpringBootTestContextBootstrapper : Loaded default TestExecutionListener class names from location [META-INF/spring.factories]: [org.springframework.boot.test.mock.mockito.MockitoTestExecutionListener, org.springframework.boot.test.mock.mockito.ResetMocksTestExecutionListener, org.springframework.boot.test.autoconfigure.restdocs.RestDocsTestExecutionListener, org.springframework.boot.test.autoconfigure.web.client.MockRestServiceServerResetTestExecutionListener, org.springframework.boot.test.autoconfigure.web.servlet.MockMvcPrintOnlyOnFailureTestExecutionListener, org.springframework.boot.test.autoconfigure.web.servlet.WebDriverTestExecutionListener, org.springframework.test.context.web.ServletTestExecutionListener, org.springframework.test.context.support.DirtiesContextBeforeModesTestExecutionListener, org.springframework.test.context.support.DependencyInjectionTestExecutionListener, org.springframework.test.context.support.DirtiesContextTestExecutionListener, org.springframework.test.context.transaction.TransactionalTestExecutionListener, org.springframework.test.context.jdbc.SqlScriptsTestExecutionListener]
2018-04-21 23:08:25.390  INFO 2184 --- [    Test worker] .b.t.c.SpringBootTestContextBootstrapper : Using TestExecutionListeners: [org.springframework.test.context.web.ServletTestExecutionListener@789112a1, org.springframework.test.context.support.DirtiesContextBeforeModesTestExecutionListener@3e954ace, org.springframework.boot.test.autoconfigure.SpringBootDependencyInjectionTestExecutionListener@2c9f2787, org.springframework.test.context.support.DirtiesContextTestExecutionListener@300ceb0c, org.springframework.test.context.transaction.TransactionalTestExecutionListener@40f8e3b6, org.springframework.test.context.jdbc.SqlScriptsTestExecutionListener@54af125d, org.springframework.boot.test.mock.mockito.MockitoTestExecutionListener@159b450, org.springframework.boot.test.mock.mockito.ResetMocksTestExecutionListener@56da7bfc, org.springframework.boot.test.autoconfigure.restdocs.RestDocsTestExecutionListener@51b8c7c2, org.springframework.boot.test.autoconfigure.web.client.MockRestServiceServerResetTestExecutionListener@7d291a52, org.springframework.boot.test.autoconfigure.web.servlet.MockMvcPrintOnlyOnFailureTestExecutionListener@319eda93, org.springframework.boot.test.autoconfigure.web.servlet.WebDriverTestExecutionListener@341e42c7]
]]></system-out>
  <system-err><![CDATA[]]></system-err>
</testsuite>
