<?xml version="1.0" encoding="UTF-8"?>
<testsuite name="com.crud.tasks.TasksApplicationTests" tests="2" skipped="0" failures="0" errors="0" timestamp="2018-04-24T20:07:02" hostname="TOMEK-KOMPUTER" time="0.015">
  <properties/>
  <testcase name="contextLoads" classname="com.crud.tasks.TasksApplicationTests" time="0.0"/>
  <testcase name="getTrelloBoardsTest" classname="com.crud.tasks.TasksApplicationTests" time="0.0"/>
  <system-out><![CDATA[]]></system-out>
  <system-err><![CDATA[]]></system-err>
</testsuite>
