<?xml version="1.0" encoding="UTF-8"?>
<testsuite name="com.crud.tasks.trello.client.TrelloClientTest" tests="3" skipped="0" failures="0" errors="0" timestamp="2018-04-20T19:11:48" hostname="TOMEK-KOMPUTER" time="0.013">
  <properties/>
  <testcase name="shouldFetchTrelloBoards" classname="com.crud.tasks.trello.client.TrelloClientTest" time="0.005"/>
  <testcase name="shouldCreateCard" classname="com.crud.tasks.trello.client.TrelloClientTest" time="0.003"/>
  <testcase name="shouldFetchEmptyArray" classname="com.crud.tasks.trello.client.TrelloClientTest" time="0.001"/>
  <system-out><![CDATA[http://test.com/cards?name=Test%20task&desc=Test%20description&pos=top&idList=test_id&key=test&token=test
]]></system-out>
  <system-err><![CDATA[]]></system-err>
</testsuite>
