<?xml version="1.0" encoding="UTF-8"?>
<testsuite name="com.crud.tasks.controller.TrelloControllerTest" tests="4" skipped="0" failures="0" errors="0" timestamp="2018-04-24T20:06:51" hostname="TOMEK-KOMPUTER" time="0.063">
  <properties/>
  <testcase name="shouldFetchTrelloBoards" classname="com.crud.tasks.controller.TrelloControllerTest" time="0.016"/>
  <testcase name="createTrelloCard" classname="com.crud.tasks.controller.TrelloControllerTest" time="0.0"/>
  <testcase name="shouldFetchEmptyTrelloBoards" classname="com.crud.tasks.controller.TrelloControllerTest" time="0.031"/>
  <testcase name="shouldCreateTrelloCard" classname="com.crud.tasks.controller.TrelloControllerTest" time="0.016"/>
  <system-out><![CDATA[2018-04-24 22:06:49.673  INFO 4924 --- [    Test worker] .b.t.a.w.s.WebMvcTestContextBootstrapper : Neither @ContextConfiguration nor @ContextHierarchy found for test class [com.crud.tasks.controller.TrelloControllerTest], using SpringBootContextLoader
2018-04-24 22:06:49.673  INFO 4924 --- [    Test worker] o.s.t.c.support.AbstractContextLoader    : Could not detect default resource locations for test class [com.crud.tasks.controller.TrelloControllerTest]: no resource found for suffixes {-context.xml, Context.groovy}.
2018-04-24 22:06:49.673  INFO 4924 --- [    Test worker] t.c.s.AnnotationConfigContextLoaderUtils : Could not detect default configuration classes for test class [com.crud.tasks.controller.TrelloControllerTest]: TrelloControllerTest does not declare any static, non-private, non-final, nested classes annotated with @Configuration.
2018-04-24 22:06:49.689  INFO 4924 --- [    Test worker] .b.t.c.SpringBootTestContextBootstrapper : Found @SpringBootConfiguration com.crud.tasks.TasksApplication for test class com.crud.tasks.controller.TrelloControllerTest
2018-04-24 22:06:49.689  INFO 4924 --- [    Test worker] .b.t.a.w.s.WebMvcTestContextBootstrapper : Loaded default TestExecutionListener class names from location [META-INF/spring.factories]: [org.springframework.boot.test.mock.mockito.MockitoTestExecutionListener, org.springframework.boot.test.mock.mockito.ResetMocksTestExecutionListener, org.springframework.boot.test.autoconfigure.restdocs.RestDocsTestExecutionListener, org.springframework.boot.test.autoconfigure.web.client.MockRestServiceServerResetTestExecutionListener, org.springframework.boot.test.autoconfigure.web.servlet.MockMvcPrintOnlyOnFailureTestExecutionListener, org.springframework.boot.test.autoconfigure.web.servlet.WebDriverTestExecutionListener, org.springframework.test.context.web.ServletTestExecutionListener, org.springframework.test.context.support.DirtiesContextBeforeModesTestExecutionListener, org.springframework.test.context.support.DependencyInjectionTestExecutionListener, org.springframework.test.context.support.DirtiesContextTestExecutionListener, org.springframework.test.context.transaction.TransactionalTestExecutionListener, org.springframework.test.context.jdbc.SqlScriptsTestExecutionListener]
2018-04-24 22:06:49.689  INFO 4924 --- [    Test worker] .b.t.a.w.s.WebMvcTestContextBootstrapper : Using TestExecutionListeners: [org.springframework.test.context.web.ServletTestExecutionListener@419eaa76, org.springframework.test.context.support.DirtiesContextBeforeModesTestExecutionListener@592dc8ea, org.springframework.boot.test.autoconfigure.SpringBootDependencyInjectionTestExecutionListener@35ed7dc2, org.springframework.test.context.support.DirtiesContextTestExecutionListener@1379352, org.springframework.test.context.transaction.TransactionalTestExecutionListener@35ce5418, org.springframework.test.context.jdbc.SqlScriptsTestExecutionListener@293b0d3, org.springframework.boot.test.mock.mockito.MockitoTestExecutionListener@5ccece2e, org.springframework.boot.test.mock.mockito.ResetMocksTestExecutionListener@615e7be6, org.springframework.boot.test.autoconfigure.restdocs.RestDocsTestExecutionListener@26f79d41, org.springframework.boot.test.autoconfigure.web.client.MockRestServiceServerResetTestExecutionListener@39fda464, org.springframework.boot.test.autoconfigure.web.servlet.MockMvcPrintOnlyOnFailureTestExecutionListener@13e8a2cb, org.springframework.boot.test.autoconfigure.web.servlet.WebDriverTestExecutionListener@17b7a1b]

  .   ____          _            __ _ _
 /\\ / ___'_ __ _ _(_)_ __  __ _ \ \ \ \
( ( )\___ | '_ | '_| | '_ \/ _` | \ \ \ \
 \\/  ___)| |_)| | | | | || (_| |  ) ) ) )
  '  |____| .__|_| |_|_| |_\__, | / / / /
 =========|_|==============|___/=/_/_/_/
 :: Spring Boot ::       (v1.5.10.RELEASE)

2018-04-24 22:06:49.829  INFO 4924 --- [    Test worker] c.c.t.controller.TrelloControllerTest    : Starting TrelloControllerTest on TOMEK-KOMPUTER with PID 4924 (started by TOMEK in C:\Users\TOMEK\Documents\JAVA\Kodilla\tasksProject)
2018-04-24 22:06:49.829  INFO 4924 --- [    Test worker] c.c.t.controller.TrelloControllerTest    : No active profile set, falling back to default profiles: default
2018-04-24 22:06:49.845  INFO 4924 --- [    Test worker] o.s.w.c.s.GenericWebApplicationContext   : Refreshing org.springframework.web.context.support.GenericWebApplicationContext@4a1b9a46: startup date [Tue Apr 24 22:06:49 CEST 2018]; root of context hierarchy
2018-04-24 22:06:50.687  INFO 4924 --- [    Test worker] s.w.s.m.m.a.RequestMappingHandlerAdapter : Looking for @ControllerAdvice: org.springframework.web.context.support.GenericWebApplicationContext@4a1b9a46: startup date [Tue Apr 24 22:06:49 CEST 2018]; root of context hierarchy
2018-04-24 22:06:50.718  INFO 4924 --- [    Test worker] s.w.s.m.m.a.RequestMappingHandlerMapping : Mapped "{[/v1/trello/getTrelloBoards],methods=[GET]}" onto public java.util.List<com.crud.tasks.domain.TrelloBoardDto> com.crud.tasks.controller.TrelloController.getTrelloBoards()
2018-04-24 22:06:50.718  INFO 4924 --- [    Test worker] s.w.s.m.m.a.RequestMappingHandlerMapping : Mapped "{[/v1/trello/createTrelloCard],methods=[POST]}" onto public com.crud.tasks.domain.CreatedTrelloCardDto com.crud.tasks.controller.TrelloController.createTrelloCard(com.crud.tasks.domain.TrelloCardDto)
2018-04-24 22:06:50.734  INFO 4924 --- [    Test worker] s.w.s.m.m.a.RequestMappingHandlerMapping : Mapped "{[/error]}" onto public org.springframework.http.ResponseEntity<java.util.Map<java.lang.String, java.lang.Object>> org.springframework.boot.autoconfigure.web.BasicErrorController.error(javax.servlet.http.HttpServletRequest)
2018-04-24 22:06:50.734  INFO 4924 --- [    Test worker] s.w.s.m.m.a.RequestMappingHandlerMapping : Mapped "{[/error],produces=[text/html]}" onto public org.springframework.web.servlet.ModelAndView org.springframework.boot.autoconfigure.web.BasicErrorController.errorHtml(javax.servlet.http.HttpServletRequest,javax.servlet.http.HttpServletResponse)
2018-04-24 22:06:50.796  INFO 4924 --- [    Test worker] o.s.w.s.handler.SimpleUrlHandlerMapping  : Mapped URL path [/webjars/**] onto handler of type [class org.springframework.web.servlet.resource.ResourceHttpRequestHandler]
2018-04-24 22:06:50.796  INFO 4924 --- [    Test worker] o.s.w.s.handler.SimpleUrlHandlerMapping  : Mapped URL path [/**] onto handler of type [class org.springframework.web.servlet.resource.ResourceHttpRequestHandler]
2018-04-24 22:06:50.859  INFO 4924 --- [    Test worker] o.s.w.s.handler.SimpleUrlHandlerMapping  : Mapped URL path [/**/favicon.ico] onto handler of type [class org.springframework.web.servlet.resource.ResourceHttpRequestHandler]
2018-04-24 22:06:51.093  INFO 4924 --- [    Test worker] o.s.b.t.m.w.SpringBootMockServletContext : Initializing Spring FrameworkServlet ''
2018-04-24 22:06:51.093  INFO 4924 --- [    Test worker] o.s.t.web.servlet.TestDispatcherServlet  : FrameworkServlet '': initialization started
2018-04-24 22:06:51.108  INFO 4924 --- [    Test worker] o.s.t.web.servlet.TestDispatcherServlet  : FrameworkServlet '': initialization completed in 15 ms
2018-04-24 22:06:51.217  INFO 4924 --- [    Test worker] c.c.t.controller.TrelloControllerTest    : Started TrelloControllerTest in 1.513 seconds (JVM running for 11.497)
]]></system-out>
  <system-err><![CDATA[]]></system-err>
</testsuite>
